[debug] [2018-09-01T14:24:05.809Z] ----------------------------------------------------------------------
[debug] [2018-09-01T14:24:05.841Z] Command:       C:\Program Files\nodejs\node.exe C:\Users\Dre\AppData\Roaming\npm\node_modules\firebase-tools\bin\firebase deploy
[debug] [2018-09-01T14:24:05.841Z] CLI Version:   3.18.4
[debug] [2018-09-01T14:24:05.841Z] Platform:      win32
[debug] [2018-09-01T14:24:05.841Z] Node Version:  v9.7.0
[debug] [2018-09-01T14:24:05.841Z] Time:          Sat Sep 01 2018 15:24:05 GMT+0100 (W. Central Africa Standard Time)
[debug] [2018-09-01T14:24:05.841Z] ----------------------------------------------------------------------
[debug] 
[debug] [2018-09-01T14:24:05.856Z] > command requires scopes: ["email","openid","https://www.googleapis.com/auth/cloudplatformprojects.readonly","https://www.googleapis.com/auth/firebase","https://www.googleapis.com/auth/cloud-platform"]
[debug] [2018-09-01T14:24:05.856Z] > authorizing via signed-in user
[debug] [2018-09-01T14:24:05.856Z] > refreshing access token with scopes: ["email","https://www.googleapis.com/auth/cloud-platform","https://www.googleapis.com/auth/cloudplatformprojects.readonly","https://www.googleapis.com/auth/firebase","openid"]
[debug] [2018-09-01T14:24:05.856Z] >>> HTTP REQUEST POST https://www.googleapis.com/oauth2/v3/token  
 { refresh_token: '1/yidtFG-lwC3jrlndzFMx2SSvOerD_spk3FTaCXjE4Rd2HvLk5qDb14S18ilxB7Hb',
  client_id: '563584335869-fgrhgmd47bqnekij5i8b5pr03ho849e6.apps.googleusercontent.com',
  client_secret: 'j9iVZfS8kkCEFUPaAeJV0sAi',
  grant_type: 'refresh_token',
  scope: 'email https://www.googleapis.com/auth/cloud-platform https://www.googleapis.com/auth/cloudplatformprojects.readonly https://www.googleapis.com/auth/firebase openid' } 
 Sat Sep 01 2018 15:24:05 GMT+0100 (W. Central Africa Standard Time)
[debug] [2018-09-01T14:24:07.049Z] <<< HTTP RESPONSE 200
[debug] [2018-09-01T14:24:07.080Z] >>> HTTP REQUEST GET https://admin.firebase.com/v1/projects/newapp-51caa  
  
 Sat Sep 01 2018 15:24:07 GMT+0100 (W. Central Africa Standard Time)
[debug] [2018-09-01T14:24:08.385Z] <<< HTTP RESPONSE 200
[debug] [2018-09-01T14:24:08.385Z] >>> HTTP REQUEST GET https://admin.firebase.com/v1/database/newapp-51caa/tokens  
  
 Sat Sep 01 2018 15:24:08 GMT+0100 (W. Central Africa Standard Time)
[debug] [2018-09-01T14:24:09.515Z] <<< HTTP RESPONSE 200
[debug] [2018-09-01T14:25:58.311Z] TypeError: Cannot read property 'wanted' of undefined
    at C:\Users\Dre\AppData\Roaming\npm\node_modules\firebase-tools\lib\checkFirebaseSDKVersion.js:43:47
    at <anonymous>
    at process._tickCallback (internal/process/next_tick.js:118:7)
[error] 
[error] Error: An unexpected error has occurred.
[debug] [2018-09-01T14:26:30.172Z] ----------------------------------------------------------------------
[debug] [2018-09-01T14:26:30.172Z] Command:       C:\Program Files\nodejs\node.exe C:\Users\Dre\AppData\Roaming\npm\node_modules\firebase-tools\bin\firebase deploy
[debug] [2018-09-01T14:26:30.172Z] CLI Version:   3.18.4
[debug] [2018-09-01T14:26:30.172Z] Platform:      win32
[debug] [2018-09-01T14:26:30.172Z] Node Version:  v9.7.0
[debug] [2018-09-01T14:26:30.172Z] Time:          Sat Sep 01 2018 15:26:30 GMT+0100 (W. Central Africa Standard Time)
[debug] [2018-09-01T14:26:30.172Z] ----------------------------------------------------------------------
[debug] 
[debug] [2018-09-01T14:26:30.188Z] > command requires scopes: ["email","openid","https://www.googleapis.com/auth/cloudplatformprojects.readonly","https://www.googleapis.com/auth/firebase","https://www.googleapis.com/auth/cloud-platform"]
[debug] [2018-09-01T14:26:30.188Z] > authorizing via signed-in user
[debug] [2018-09-01T14:26:30.188Z] >>> HTTP REQUEST GET https://admin.firebase.com/v1/projects/newapp-51caa  
  
 Sat Sep 01 2018 15:26:30 GMT+0100 (W. Central Africa Standard Time)
[debug] [2018-09-01T14:26:32.802Z] <<< HTTP RESPONSE 200
[debug] [2018-09-01T14:26:32.802Z] >>> HTTP REQUEST GET https://admin.firebase.com/v1/database/newapp-51caa/tokens  
  
 Sat Sep 01 2018 15:26:32 GMT+0100 (W. Central Africa Standard Time)
[debug] [2018-09-01T14:26:33.675Z] <<< HTTP RESPONSE 200
[debug] [2018-09-01T14:27:56.481Z] TypeError: Cannot read property 'wanted' of undefined
    at C:\Users\Dre\AppData\Roaming\npm\node_modules\firebase-tools\lib\checkFirebaseSDKVersion.js:43:47
    at <anonymous>
    at process._tickCallback (internal/process/next_tick.js:118:7)
[error] 
[error] Error: An unexpected error has occurred.
